2011-08-14 21:32:36,007 ERROR ProductSearch.Utility.ProductSearchWorker: SearchWorkerDoWork - Error.
System.Exception: Exception of type 'System.Exception' was thrown.
   at ProductSearch.DataAccess.Repository.BestBuyProductRepository.Search(String criteria) in C:\Git\ProductSearch\ProductSearch\ProductSearch\DataAccess\Repository\BestBuyProductRepository.cs:line 15
   at ProductSearch.Utility.ProductSearchWorker.SearchWorkerDoWork(Object sender, DoWorkEventArgs e) in C:\Git\ProductSearch\ProductSearch\ProductSearch\Utility\ProductSearchWorker.cs:line 63
2011-08-14 21:34:16,899 ERROR ProductSearch.Utility.ProductSearchWorker: SearchWorkerDoWork - Error.
System.Exception: Exception of type 'System.Exception' was thrown.
   at ProductSearch.DataAccess.Repository.BestBuyProductRepository.Search(String criteria) in C:\Git\ProductSearch\ProductSearch\ProductSearch\DataAccess\Repository\BestBuyProductRepository.cs:line 12
   at ProductSearch.Utility.ProductSearchWorker.SearchWorkerDoWork(Object sender, DoWorkEventArgs e) in C:\Git\ProductSearch\ProductSearch\ProductSearch\Utility\ProductSearchWorker.cs:line 63
2011-08-14 21:34:26,863 ERROR ProductSearch.Utility.ProductSearchWorker: SearchWorkerDoWork - Error.
System.Exception: Exception of type 'System.Exception' was thrown.
   at ProductSearch.DataAccess.Repository.BestBuyProductRepository.Search(String criteria) in C:\Git\ProductSearch\ProductSearch\ProductSearch\DataAccess\Repository\BestBuyProductRepository.cs:line 12
   at ProductSearch.Utility.ProductSearchWorker.SearchWorkerDoWork(Object sender, DoWorkEventArgs e) in C:\Git\ProductSearch\ProductSearch\ProductSearch\Utility\ProductSearchWorker.cs:line 63
2011-08-14 21:34:57,657 ERROR ProductSearch.Utility.ProductSearchWorker: SearchWorkerDoWork - Error.
System.Exception: Exception of type 'System.Exception' was thrown.
   at ProductSearch.DataAccess.Repository.BestBuyProductRepository.Search(String criteria) in C:\Git\ProductSearch\ProductSearch\ProductSearch\DataAccess\Repository\BestBuyProductRepository.cs:line 12
   at ProductSearch.Utility.ProductSearchWorker.SearchWorkerDoWork(Object sender, DoWorkEventArgs e) in C:\Git\ProductSearch\ProductSearch\ProductSearch\Utility\ProductSearchWorker.cs:line 63
2011-08-14 21:37:10,670 ERROR ProductSearch.Utility.ProductSearchWorker: SearchWorkerDoWork - Error.
System.Exception: Exception of type 'System.Exception' was thrown.
   at ProductSearch.DataAccess.Repository.BestBuyProductRepository.Search(String criteria) in C:\Git\ProductSearch\ProductSearch\ProductSearch\DataAccess\Repository\BestBuyProductRepository.cs:line 12
   at ProductSearch.Utility.ProductSearchWorker.SearchWorkerDoWork(Object sender, DoWorkEventArgs e) in C:\Git\ProductSearch\ProductSearch\ProductSearch\Utility\ProductSearchWorker.cs:line 63
2011-08-14 21:57:08,929 ERROR ProductSearch.DataAccess.Repository.BestBuyProductRepository: Get - Error.
System.Net.WebException: The remote server returned an error: (400) Bad Request.
   at System.Net.HttpWebRequest.GetResponse()
   at ProductSearch.DataAccess.Repository.BestBuyProductRepository.Get(String url) in C:\Git\ProductSearch\ProductSearch\ProductSearch\DataAccess\Repository\BestBuyProductRepository.cs:line 45
2011-08-14 21:57:09,111 ERROR ProductSearch.Utility.ProductSearchWorker: SearchWorkerDoWork - Error.
System.ArgumentNullException: Value cannot be null.
Parameter name: s
   at System.IO.StringReader..ctor(String s)
   at Remix.UTF8XmlSerializer.Deserialize[T](String xml) in C:\Git\ProductSearch\ProductSearch\ProductSearch\Utility\UTF8XmlSerializer.cs:line 45
   at ProductSearch.DataAccess.Repository.BestBuyProductRepository.GetProduct(String productName) in C:\Git\ProductSearch\ProductSearch\ProductSearch\DataAccess\Repository\BestBuyProductRepository.cs:line 71
   at ProductSearch.DataAccess.Repository.BestBuyProductRepository.Search(String criteria) in C:\Git\ProductSearch\ProductSearch\ProductSearch\DataAccess\Repository\BestBuyProductRepository.cs:line 28
   at ProductSearch.Utility.ProductSearchWorker.SearchWorkerDoWork(Object sender, DoWorkEventArgs e) in C:\Git\ProductSearch\ProductSearch\ProductSearch\Utility\ProductSearchWorker.cs:line 63
2011-08-14 21:57:10,735 ERROR ProductSearch.DataAccess.Repository.BestBuyProductRepository: Get - Error.
System.Net.WebException: The remote server returned an error: (400) Bad Request.
   at System.Net.HttpWebRequest.GetResponse()
   at ProductSearch.DataAccess.Repository.BestBuyProductRepository.Get(String url) in C:\Git\ProductSearch\ProductSearch\ProductSearch\DataAccess\Repository\BestBuyProductRepository.cs:line 45
2011-08-14 21:57:10,747 ERROR ProductSearch.Utility.ProductSearchWorker: SearchWorkerDoWork - Error.
System.ArgumentNullException: Value cannot be null.
Parameter name: s
   at System.IO.StringReader..ctor(String s)
   at Remix.UTF8XmlSerializer.Deserialize[T](String xml) in C:\Git\ProductSearch\ProductSearch\ProductSearch\Utility\UTF8XmlSerializer.cs:line 45
   at ProductSearch.DataAccess.Repository.BestBuyProductRepository.GetProduct(String productName) in C:\Git\ProductSearch\ProductSearch\ProductSearch\DataAccess\Repository\BestBuyProductRepository.cs:line 71
   at ProductSearch.DataAccess.Repository.BestBuyProductRepository.Search(String criteria) in C:\Git\ProductSearch\ProductSearch\ProductSearch\DataAccess\Repository\BestBuyProductRepository.cs:line 28
   at ProductSearch.Utility.ProductSearchWorker.SearchWorkerDoWork(Object sender, DoWorkEventArgs e) in C:\Git\ProductSearch\ProductSearch\ProductSearch\Utility\ProductSearchWorker.cs:line 63
2011-08-14 22:00:03,900 ERROR ProductSearch.DataAccess.Repository.BestBuyProductRepository: Get - Error.
System.Net.WebException: The remote server returned an error: (400) Bad Request.
   at System.Net.HttpWebRequest.GetResponse()
   at ProductSearch.DataAccess.Repository.BestBuyProductRepository.Get(String url) in C:\Git\ProductSearch\ProductSearch\ProductSearch\DataAccess\Repository\BestBuyProductRepository.cs:line 55
2011-08-14 22:00:04,049 ERROR ProductSearch.Utility.ProductSearchWorker: SearchWorkerDoWork - Error.
System.ArgumentNullException: Value cannot be null.
Parameter name: s
   at System.IO.StringReader..ctor(String s)
   at Remix.UTF8XmlSerializer.Deserialize[T](String xml) in C:\Git\ProductSearch\ProductSearch\ProductSearch\Utility\UTF8XmlSerializer.cs:line 45
   at ProductSearch.DataAccess.Repository.BestBuyProductRepository.GetProduct(String productName) in C:\Git\ProductSearch\ProductSearch\ProductSearch\DataAccess\Repository\BestBuyProductRepository.cs:line 81
   at ProductSearch.DataAccess.Repository.BestBuyProductRepository.Search(String criteria) in C:\Git\ProductSearch\ProductSearch\ProductSearch\DataAccess\Repository\BestBuyProductRepository.cs:line 29
   at ProductSearch.Utility.ProductSearchWorker.SearchWorkerDoWork(Object sender, DoWorkEventArgs e) in C:\Git\ProductSearch\ProductSearch\ProductSearch\Utility\ProductSearchWorker.cs:line 63
2011-08-14 22:00:31,177 ERROR ProductSearch.DataAccess.Repository.BestBuyProductRepository: Get - Error.
System.Net.WebException: The remote server returned an error: (400) Bad Request.
   at System.Net.HttpWebRequest.GetResponse()
   at ProductSearch.DataAccess.Repository.BestBuyProductRepository.Get(String url) in C:\Git\ProductSearch\ProductSearch\ProductSearch\DataAccess\Repository\BestBuyProductRepository.cs:line 55
2011-08-14 22:00:46,869 ERROR ProductSearch.Utility.ProductSearchWorker: SearchWorkerDoWork - Error.
System.ArgumentNullException: Value cannot be null.
Parameter name: s
   at System.IO.StringReader..ctor(String s)
   at Remix.UTF8XmlSerializer.Deserialize[T](String xml) in C:\Git\ProductSearch\ProductSearch\ProductSearch\Utility\UTF8XmlSerializer.cs:line 45
   at ProductSearch.DataAccess.Repository.BestBuyProductRepository.GetProduct(String productName) in C:\Git\ProductSearch\ProductSearch\ProductSearch\DataAccess\Repository\BestBuyProductRepository.cs:line 81
   at ProductSearch.DataAccess.Repository.BestBuyProductRepository.Search(String criteria) in C:\Git\ProductSearch\ProductSearch\ProductSearch\DataAccess\Repository\BestBuyProductRepository.cs:line 29
   at ProductSearch.Utility.ProductSearchWorker.SearchWorkerDoWork(Object sender, DoWorkEventArgs e) in C:\Git\ProductSearch\ProductSearch\ProductSearch\Utility\ProductSearchWorker.cs:line 63
2011-08-14 22:01:35,984 ERROR ProductSearch.DataAccess.Repository.BestBuyProductRepository: Get - Error.
System.Net.WebException: The remote server returned an error: (400) Bad Request.
   at System.Net.HttpWebRequest.GetResponse()
   at ProductSearch.DataAccess.Repository.BestBuyProductRepository.Get(String url) in C:\Git\ProductSearch\ProductSearch\ProductSearch\DataAccess\Repository\BestBuyProductRepository.cs:line 55
2011-08-14 22:01:35,994 ERROR ProductSearch.Utility.ProductSearchWorker: SearchWorkerDoWork - Error.
System.ArgumentNullException: Value cannot be null.
Parameter name: s
   at System.IO.StringReader..ctor(String s)
   at Remix.UTF8XmlSerializer.Deserialize[T](String xml) in C:\Git\ProductSearch\ProductSearch\ProductSearch\Utility\UTF8XmlSerializer.cs:line 45
   at ProductSearch.DataAccess.Repository.BestBuyProductRepository.GetProduct(String productName) in C:\Git\ProductSearch\ProductSearch\ProductSearch\DataAccess\Repository\BestBuyProductRepository.cs:line 81
   at ProductSearch.DataAccess.Repository.BestBuyProductRepository.Search(String criteria) in C:\Git\ProductSearch\ProductSearch\ProductSearch\DataAccess\Repository\BestBuyProductRepository.cs:line 29
   at ProductSearch.Utility.ProductSearchWorker.SearchWorkerDoWork(Object sender, DoWorkEventArgs e) in C:\Git\ProductSearch\ProductSearch\ProductSearch\Utility\ProductSearchWorker.cs:line 63
2011-08-14 22:25:55,705 ERROR ProductSearch.DataAccess.Repository.BestBuyProductRepository: Get - Error.
System.Net.WebException: The remote server returned an error: (403) Forbidden.
   at System.Net.HttpWebRequest.GetResponse()
   at ProductSearch.DataAccess.Repository.BestBuyProductRepository.Get(String url) in C:\Git\ProductSearch\ProductSearch\ProductSearch\DataAccess\Repository\BestBuyProductRepository.cs:line 36
2011-08-14 22:25:55,705 ERROR ProductSearch.DataAccess.Repository.BestBuyProductRepository: Get - Error.
System.Net.WebException: The remote server returned an error: (403) Forbidden.
   at System.Net.HttpWebRequest.GetResponse()
   at ProductSearch.DataAccess.Repository.BestBuyProductRepository.Get(String url) in C:\Git\ProductSearch\ProductSearch\ProductSearch\DataAccess\Repository\BestBuyProductRepository.cs:line 36
2011-08-14 22:25:55,739 ERROR ProductSearch.Utility.ProductSearchWorker: SearchWorkerDoWork - Error.
System.ArgumentNullException: Value cannot be null.
Parameter name: s
   at System.IO.StringReader..ctor(String s)
   at Remix.UTF8XmlSerializer.Deserialize[T](String xml) in C:\Git\ProductSearch\ProductSearch\ProductSearch\Utility\UTF8XmlSerializer.cs:line 45
   at ProductSearch.DataAccess.Repository.BestBuyProductRepository.GetProduct(String productName) in C:\Git\ProductSearch\ProductSearch\ProductSearch\DataAccess\Repository\BestBuyProductRepository.cs:line 65
   at ProductSearch.DataAccess.Repository.BestBuyProductRepository.Search(String criteria) in C:\Git\ProductSearch\ProductSearch\ProductSearch\DataAccess\Repository\BestBuyProductRepository.cs:line 19
   at ProductSearch.Utility.ProductSearchWorker.SearchWorkerDoWork(Object sender, DoWorkEventArgs e) in C:\Git\ProductSearch\ProductSearch\ProductSearch\Utility\ProductSearchWorker.cs:line 63
2011-08-14 22:25:55,752 ERROR ProductSearch.Utility.ProductSearchWorker: SearchWorkerDoWork - Error.
System.ArgumentNullException: Value cannot be null.
Parameter name: s
   at System.IO.StringReader..ctor(String s)
   at Remix.UTF8XmlSerializer.Deserialize[T](String xml) in C:\Git\ProductSearch\ProductSearch\ProductSearch\Utility\UTF8XmlSerializer.cs:line 45
   at ProductSearch.DataAccess.Repository.BestBuyProductRepository.GetProduct(String productName) in C:\Git\ProductSearch\ProductSearch\ProductSearch\DataAccess\Repository\BestBuyProductRepository.cs:line 65
   at ProductSearch.DataAccess.Repository.BestBuyProductRepository.Search(String criteria) in C:\Git\ProductSearch\ProductSearch\ProductSearch\DataAccess\Repository\BestBuyProductRepository.cs:line 19
   at ProductSearch.Utility.ProductSearchWorker.SearchWorkerDoWork(Object sender, DoWorkEventArgs e) in C:\Git\ProductSearch\ProductSearch\ProductSearch\Utility\ProductSearchWorker.cs:line 63
